2023-03-31T09:13:54+00:00 DEBUG Tt4b_Pixel_Class::inject_start_checkout: hit injectStartCheckout
2023-03-31T09:13:54+00:00 DEBUG Tt4b_Pixel_Class::inject_start_checkout: Missing option "access_token"
2023-03-31T09:14:23+00:00 DEBUG Tt4b_Pixel_Class::inject_start_checkout: hit injectStartCheckout
2023-03-31T09:14:23+00:00 DEBUG Tt4b_Pixel_Class::inject_start_checkout: Missing option "access_token"
2023-03-31T09:15:29+00:00 DEBUG Tt4b_Pixel_Class::inject_start_checkout: hit injectStartCheckout
2023-03-31T09:15:29+00:00 DEBUG Tt4b_Pixel_Class::inject_start_checkout: Missing option "access_token"
2023-03-31T09:15:48+00:00 DEBUG Tt4b_Pixel_Class::inject_start_checkout: hit injectStartCheckout
2023-03-31T09:15:48+00:00 DEBUG Tt4b_Pixel_Class::inject_start_checkout: Missing option "access_token"
2023-03-31T09:16:36+00:00 DEBUG Tt4b_Pixel_Class::inject_start_checkout: hit injectStartCheckout
2023-03-31T09:16:36+00:00 DEBUG Tt4b_Pixel_Class::inject_start_checkout: Missing option "access_token"
2023-03-31T09:16:44+00:00 DEBUG Tt4b_Pixel_Class::inject_start_checkout: hit injectStartCheckout
2023-03-31T09:16:44+00:00 DEBUG Tt4b_Pixel_Class::inject_start_checkout: Missing option "access_token"
2023-03-31T10:06:27+00:00 DEBUG tt4b_product_sync: missing access token for tt4b_product_sync
2023-03-31T10:07:18+00:00 DEBUG tt4b_product_sync: missing access token for tt4b_product_sync
2023-03-31T10:08:21+00:00 DEBUG Tt4b_Pixel_Class::inject_view_content_event: hit injectViewContentEvent
2023-03-31T10:08:21+00:00 DEBUG Tt4b_Pixel_Class::inject_view_content_event: Missing option "access_token"
2023-03-31T10:09:03+00:00 DEBUG tt4b_product_sync: missing access token for tt4b_product_sync
2023-03-31T10:09:13+00:00 DEBUG Tt4b_Pixel_Class::inject_view_content_event: hit injectViewContentEvent
2023-03-31T10:09:13+00:00 DEBUG Tt4b_Pixel_Class::inject_view_content_event: Missing option "access_token"
2023-03-31T10:10:58+00:00 DEBUG Tt4b_Pixel_Class::inject_view_content_event: hit injectViewContentEvent
2023-03-31T10:10:58+00:00 DEBUG Tt4b_Pixel_Class::inject_view_content_event: Missing option "access_token"
2023-03-31T10:11:07+00:00 DEBUG Tt4b_Pixel_Class::inject_view_content_event: hit injectViewContentEvent
2023-03-31T10:11:07+00:00 DEBUG Tt4b_Pixel_Class::inject_view_content_event: Missing option "access_token"
2023-03-31T10:11:11+00:00 DEBUG tt4b_product_sync: missing access token for tt4b_product_sync
2023-03-31T10:11:22+00:00 DEBUG Tt4b_Pixel_Class::inject_view_content_event: hit injectViewContentEvent
2023-03-31T10:11:22+00:00 DEBUG Tt4b_Pixel_Class::inject_view_content_event: Missing option "access_token"
2023-03-31T10:12:37+00:00 DEBUG tt4b_product_sync: missing access token for tt4b_product_sync
2023-03-31T10:12:47+00:00 DEBUG Tt4b_Pixel_Class::inject_view_content_event: hit injectViewContentEvent
2023-03-31T10:12:47+00:00 DEBUG Tt4b_Pixel_Class::inject_view_content_event: Missing option "access_token"
2023-03-31T10:14:09+00:00 DEBUG tt4b_product_sync: missing access token for tt4b_product_sync
2023-03-31T10:14:19+00:00 DEBUG Tt4b_Pixel_Class::inject_view_content_event: hit injectViewContentEvent
2023-03-31T10:14:19+00:00 DEBUG Tt4b_Pixel_Class::inject_view_content_event: Missing option "access_token"
2023-03-31T10:15:20+00:00 DEBUG tt4b_product_sync: missing access token for tt4b_product_sync
2023-03-31T10:16:54+00:00 DEBUG tt4b_product_sync: missing access token for tt4b_product_sync
2023-03-31T10:17:50+00:00 DEBUG Tt4b_Pixel_Class::inject_view_content_event: hit injectViewContentEvent
2023-03-31T10:17:50+00:00 DEBUG Tt4b_Pixel_Class::inject_view_content_event: Missing option "access_token"
2023-03-31T10:24:47+00:00 DEBUG tt4b_product_sync: missing access token for tt4b_product_sync
2023-03-31T10:26:39+00:00 DEBUG tt4b_product_sync: missing access token for tt4b_product_sync
2023-03-31T10:26:58+00:00 DEBUG Tt4b_Pixel_Class::inject_view_content_event: hit injectViewContentEvent
2023-03-31T10:26:58+00:00 DEBUG Tt4b_Pixel_Class::inject_view_content_event: Missing option "access_token"
2023-03-31T10:27:17+00:00 DEBUG Tt4b_Pixel_Class::inject_view_content_event: hit injectViewContentEvent
2023-03-31T10:27:17+00:00 DEBUG Tt4b_Pixel_Class::inject_view_content_event: Missing option "access_token"
2023-03-31T10:27:21+00:00 DEBUG Tt4b_Pixel_Class::inject_view_content_event: hit injectViewContentEvent
2023-03-31T10:27:21+00:00 DEBUG Tt4b_Pixel_Class::inject_view_content_event: Missing option "access_token"
2023-03-31T10:28:05+00:00 DEBUG Tt4b_Pixel_Class::inject_view_content_event: hit injectViewContentEvent
2023-03-31T10:28:05+00:00 DEBUG Tt4b_Pixel_Class::inject_view_content_event: Missing option "access_token"
2023-03-31T10:28:33+00:00 DEBUG Tt4b_Pixel_Class::inject_view_content_event: hit injectViewContentEvent
2023-03-31T10:28:33+00:00 DEBUG Tt4b_Pixel_Class::inject_view_content_event: Missing option "access_token"
2023-03-31T10:28:38+00:00 DEBUG Tt4b_Pixel_Class::inject_view_content_event: hit injectViewContentEvent
2023-03-31T10:28:38+00:00 DEBUG Tt4b_Pixel_Class::inject_view_content_event: Missing option "access_token"
2023-03-31T10:29:02+00:00 DEBUG Tt4b_Pixel_Class::inject_view_content_event: hit injectViewContentEvent
2023-03-31T10:29:02+00:00 DEBUG Tt4b_Pixel_Class::inject_view_content_event: Missing option "access_token"
2023-03-31T10:29:15+00:00 DEBUG Tt4b_Pixel_Class::inject_view_content_event: hit injectViewContentEvent
2023-03-31T10:29:15+00:00 DEBUG Tt4b_Pixel_Class::inject_view_content_event: Missing option "access_token"
2023-03-31T10:29:30+00:00 DEBUG Tt4b_Pixel_Class::inject_view_content_event: hit injectViewContentEvent
2023-03-31T10:29:30+00:00 DEBUG Tt4b_Pixel_Class::inject_view_content_event: Missing option "access_token"
2023-03-31T10:30:05+00:00 DEBUG Tt4b_Pixel_Class::inject_view_content_event: hit injectViewContentEvent
2023-03-31T10:30:05+00:00 DEBUG Tt4b_Pixel_Class::inject_view_content_event: Missing option "access_token"
2023-03-31T10:30:13+00:00 DEBUG Tt4b_Pixel_Class::inject_add_to_cart_event: hit injectAddToCartEvent
2023-03-31T10:30:13+00:00 DEBUG Tt4b_Pixel_Class::inject_add_to_cart_event: Missing option "access_token"
2023-03-31T10:30:13+00:00 DEBUG Tt4b_Pixel_Class::inject_view_content_event: hit injectViewContentEvent
2023-03-31T10:30:13+00:00 DEBUG Tt4b_Pixel_Class::inject_view_content_event: Missing option "access_token"
2023-03-31T10:30:28+00:00 DEBUG Tt4b_Pixel_Class::inject_start_checkout: hit injectStartCheckout
2023-03-31T10:30:28+00:00 DEBUG Tt4b_Pixel_Class::inject_start_checkout: Missing option "access_token"
2023-03-31T10:50:44+00:00 DEBUG tt4b_product_sync: missing access token for tt4b_product_sync
2023-03-31T10:59:00+00:00 DEBUG tt4b_product_sync: missing access token for tt4b_product_sync
2023-03-31T10:59:20+00:00 DEBUG tt4b_product_sync: missing access token for tt4b_product_sync
2023-03-31T11:06:24+00:00 DEBUG tt4b_product_sync: missing access token for tt4b_product_sync
2023-03-31T11:06:25+00:00 DEBUG tt4b_product_sync: missing access token for tt4b_product_sync
2023-03-31T11:06:25+00:00 DEBUG tt4b_product_sync: missing access token for tt4b_product_sync
2023-03-31T11:06:25+00:00 DEBUG tt4b_product_sync: missing access token for tt4b_product_sync
2023-03-31T11:06:25+00:00 DEBUG tt4b_product_sync: missing access token for tt4b_product_sync
2023-03-31T11:06:26+00:00 DEBUG tt4b_product_sync: missing access token for tt4b_product_sync
2023-03-31T11:06:26+00:00 DEBUG tt4b_product_sync: missing access token for tt4b_product_sync
2023-03-31T11:06:26+00:00 DEBUG tt4b_product_sync: missing access token for tt4b_product_sync
2023-03-31T11:06:26+00:00 DEBUG tt4b_product_sync: missing access token for tt4b_product_sync
2023-03-31T11:06:26+00:00 DEBUG tt4b_product_sync: missing access token for tt4b_product_sync
2023-03-31T11:06:27+00:00 DEBUG tt4b_product_sync: missing access token for tt4b_product_sync
2023-03-31T11:06:27+00:00 DEBUG tt4b_product_sync: missing access token for tt4b_product_sync
2023-03-31T11:06:27+00:00 DEBUG tt4b_product_sync: missing access token for tt4b_product_sync
2023-03-31T12:07:46+00:00 DEBUG tt4b_product_delete: missing access token for tt4b_product_sync
2023-03-31T12:07:47+00:00 DEBUG tt4b_product_delete: missing access token for tt4b_product_sync
2023-03-31T12:07:47+00:00 DEBUG tt4b_product_delete: missing access token for tt4b_product_sync
2023-03-31T12:07:48+00:00 DEBUG tt4b_product_delete: missing access token for tt4b_product_sync
2023-03-31T12:07:48+00:00 DEBUG tt4b_product_delete: missing access token for tt4b_product_sync
2023-03-31T12:07:48+00:00 DEBUG tt4b_product_delete: missing access token for tt4b_product_sync
2023-03-31T12:07:49+00:00 DEBUG tt4b_product_delete: missing access token for tt4b_product_sync
2023-03-31T12:07:49+00:00 DEBUG tt4b_product_delete: missing access token for tt4b_product_sync
2023-03-31T12:07:49+00:00 DEBUG tt4b_product_delete: missing access token for tt4b_product_sync
2023-03-31T12:07:49+00:00 DEBUG tt4b_product_delete: missing access token for tt4b_product_sync
2023-03-31T12:07:49+00:00 DEBUG tt4b_product_delete: missing access token for tt4b_product_sync
2023-03-31T12:07:49+00:00 DEBUG tt4b_product_delete: missing access token for tt4b_product_sync
2023-03-31T12:07:49+00:00 DEBUG tt4b_product_delete: missing access token for tt4b_product_sync
